<?xml version="1.0" encoding="utf-8"?><testsuites><testsuite name="pytest" errors="0" failures="0" skipped="0" tests="5" time="3.031" timestamp="2024-03-11T19:14:10.621470" hostname="b021029db162"><testcase classname="test_for_docker" name="test_sleep_1" time="1.003" /><testcase classname="test_for_docker" name="test_sleep_1a" time="1.005" /><testcase classname="test_for_docker" name="test_sleep_1b" time="1.008" /><testcase classname="test_for_docker" name="test_close_value" time="0.001" /><testcase classname="test_for_docker" name="test_simple_example" time="0.001" /></testsuite></testsuites>